2020-12-21 13:53:19  [ main:0 ] - [ DEBUG ]  Refreshing org.springframework.context.support.ClassPathXmlApplicationContext@591f989e
2020-12-21 13:53:22  [ main:2314 ] - [ DEBUG ]  Loaded 3 bean definitions from class path resource [applicationContext1.xml]
2020-12-21 13:53:22  [ main:2691 ] - [ DEBUG ]  Creating shared instance of singleton bean 'org.springframework.aop.config.internalAutoProxyCreator'
2020-12-21 13:53:23  [ main:3528 ] - [ DEBUG ]  Creating shared instance of singleton bean 'userService'
2020-12-21 13:53:23  [ main:3903 ] - [ DEBUG ]  Found AspectJ method: public java.lang.Object com.zlq.Aspect.MyAspect.around(org.aspectj.lang.ProceedingJoinPoint) throws java.lang.Throwable
2020-12-21 13:53:24  [ main:4774 ] - [ DEBUG ]  Creating shared instance of singleton bean 'around'
2020-12-21 16:02:54  [ main:0 ] - [ DEBUG ]  Refreshing org.springframework.context.support.ClassPathXmlApplicationContext@591f989e
2020-12-21 16:02:54  [ main:265 ] - [ DEBUG ]  Loaded 3 bean definitions from class path resource [applicationContext1.xml]
2020-12-21 16:02:54  [ main:298 ] - [ DEBUG ]  Creating shared instance of singleton bean 'org.springframework.aop.config.internalAutoProxyCreator'
2020-12-21 16:02:55  [ main:401 ] - [ DEBUG ]  Creating shared instance of singleton bean 'userService'
2020-12-21 16:02:55  [ main:489 ] - [ DEBUG ]  Found AspectJ method: public java.lang.Object com.zlq.Aspect.MyAspect.around(org.aspectj.lang.ProceedingJoinPoint) throws java.lang.Throwable
2020-12-21 16:02:55  [ main:492 ] - [ DEBUG ]  Found AspectJ method: public java.lang.Object com.zlq.Aspect.MyAspect.around1(org.aspectj.lang.ProceedingJoinPoint) throws java.lang.Throwable
2020-12-21 16:02:55  [ main:766 ] - [ DEBUG ]  Creating shared instance of singleton bean 'around'
2020-12-21 16:06:16  [ main:0 ] - [ DEBUG ]  Refreshing org.springframework.context.support.ClassPathXmlApplicationContext@134593bf
2020-12-21 16:06:17  [ main:339 ] - [ DEBUG ]  Loaded 3 bean definitions from class path resource [applicationContext1.xml]
2020-12-21 16:06:17  [ main:418 ] - [ DEBUG ]  Creating shared instance of singleton bean 'org.springframework.aop.config.internalAutoProxyCreator'
2020-12-21 16:06:17  [ main:621 ] - [ DEBUG ]  Creating shared instance of singleton bean 'userService'
2020-12-21 16:06:17  [ main:772 ] - [ DEBUG ]  Found AspectJ method: public java.lang.Object com.zlq.Aspect.MyAspect.around(org.aspectj.lang.ProceedingJoinPoint) throws java.lang.Throwable
2020-12-21 16:06:17  [ main:777 ] - [ DEBUG ]  Found AspectJ method: public java.lang.Object com.zlq.Aspect.MyAspect.around1(org.aspectj.lang.ProceedingJoinPoint) throws java.lang.Throwable
2020-12-21 16:06:17  [ main:937 ] - [ DEBUG ]  Creating shared instance of singleton bean 'around'
2020-12-21 16:06:58  [ main:1 ] - [ DEBUG ]  Refreshing org.springframework.context.support.ClassPathXmlApplicationContext@134593bf
2020-12-21 16:09:23  [ main:0 ] - [ DEBUG ]  Refreshing org.springframework.context.support.ClassPathXmlApplicationContext@134593bf
2020-12-21 16:09:23  [ main:307 ] - [ DEBUG ]  Loaded 3 bean definitions from class path resource [applicationContext1.xml]
2020-12-21 16:09:23  [ main:342 ] - [ DEBUG ]  Creating shared instance of singleton bean 'org.springframework.aop.config.internalAutoProxyCreator'
2020-12-21 16:09:23  [ main:443 ] - [ DEBUG ]  Creating shared instance of singleton bean 'userService'
2020-12-21 16:09:23  [ main:496 ] - [ DEBUG ]  Found AspectJ method: public java.lang.Object com.zlq.Aspect.MyAspect.around(org.aspectj.lang.ProceedingJoinPoint) throws java.lang.Throwable
2020-12-21 16:09:23  [ main:498 ] - [ DEBUG ]  Found AspectJ method: public java.lang.Object com.zlq.Aspect.MyAspect.around1(org.aspectj.lang.ProceedingJoinPoint) throws java.lang.Throwable
2020-12-21 16:09:23  [ main:895 ] - [ DEBUG ]  Creating shared instance of singleton bean 'around'
2020-12-21 16:12:06  [ main:0 ] - [ DEBUG ]  Refreshing org.springframework.context.support.ClassPathXmlApplicationContext@591f989e
2020-12-21 16:12:06  [ main:398 ] - [ DEBUG ]  Loaded 3 bean definitions from class path resource [applicationContext1.xml]
2020-12-21 16:12:06  [ main:441 ] - [ DEBUG ]  Creating shared instance of singleton bean 'org.springframework.aop.config.internalAutoProxyCreator'
2020-12-21 16:12:06  [ main:544 ] - [ DEBUG ]  Creating shared instance of singleton bean 'userService'
2020-12-21 16:12:06  [ main:609 ] - [ DEBUG ]  Found AspectJ method: public java.lang.Object com.zlq.Aspect.MyAspect.around(org.aspectj.lang.ProceedingJoinPoint) throws java.lang.Throwable
2020-12-21 16:12:06  [ main:613 ] - [ DEBUG ]  Found AspectJ method: public java.lang.Object com.zlq.Aspect.MyAspect.around1(org.aspectj.lang.ProceedingJoinPoint) throws java.lang.Throwable
2020-12-21 16:12:07  [ main:908 ] - [ DEBUG ]  Creating shared instance of singleton bean 'around'
2020-12-21 16:12:59  [ main:0 ] - [ DEBUG ]  Refreshing org.springframework.context.support.ClassPathXmlApplicationContext@591f989e
2020-12-21 16:12:59  [ main:260 ] - [ DEBUG ]  Loaded 3 bean definitions from class path resource [applicationContext1.xml]
2020-12-21 16:12:59  [ main:321 ] - [ DEBUG ]  Creating shared instance of singleton bean 'org.springframework.aop.config.internalAutoProxyCreator'
2020-12-21 16:12:59  [ main:437 ] - [ DEBUG ]  Creating shared instance of singleton bean 'userService'
2020-12-21 16:12:59  [ main:494 ] - [ DEBUG ]  Found AspectJ method: public java.lang.Object com.zlq.Aspect.MyAspect.around(org.aspectj.lang.ProceedingJoinPoint) throws java.lang.Throwable
2020-12-21 16:12:59  [ main:496 ] - [ DEBUG ]  Found AspectJ method: public java.lang.Object com.zlq.Aspect.MyAspect.around1(org.aspectj.lang.ProceedingJoinPoint) throws java.lang.Throwable
2020-12-21 16:13:00  [ main:781 ] - [ DEBUG ]  Creating shared instance of singleton bean 'around'
2020-12-21 16:15:26  [ main:0 ] - [ DEBUG ]  Refreshing org.springframework.context.support.ClassPathXmlApplicationContext@591f989e
2020-12-21 16:15:26  [ main:283 ] - [ DEBUG ]  Loaded 3 bean definitions from class path resource [applicationContext1.xml]
2020-12-21 16:15:26  [ main:315 ] - [ DEBUG ]  Creating shared instance of singleton bean 'org.springframework.aop.config.internalAutoProxyCreator'
2020-12-21 16:15:26  [ main:426 ] - [ DEBUG ]  Creating shared instance of singleton bean 'userService'
2020-12-21 16:15:26  [ main:498 ] - [ DEBUG ]  Found AspectJ method: public java.lang.Object com.zlq.Aspect.MyAspect.around(org.aspectj.lang.ProceedingJoinPoint) throws java.lang.Throwable
2020-12-21 16:15:26  [ main:500 ] - [ DEBUG ]  Found AspectJ method: public java.lang.Object com.zlq.Aspect.MyAspect.around1(org.aspectj.lang.ProceedingJoinPoint) throws java.lang.Throwable
2020-12-21 16:15:27  [ main:1149 ] - [ DEBUG ]  Creating shared instance of singleton bean 'around'
2020-12-21 16:16:18  [ main:0 ] - [ DEBUG ]  Refreshing org.springframework.context.support.ClassPathXmlApplicationContext@591f989e
2020-12-21 16:16:19  [ main:376 ] - [ DEBUG ]  Loaded 3 bean definitions from class path resource [applicationContext1.xml]
2020-12-21 16:16:19  [ main:416 ] - [ DEBUG ]  Creating shared instance of singleton bean 'org.springframework.aop.config.internalAutoProxyCreator'
2020-12-21 16:16:19  [ main:530 ] - [ DEBUG ]  Creating shared instance of singleton bean 'userService'
2020-12-21 16:16:19  [ main:579 ] - [ DEBUG ]  Found AspectJ method: public java.lang.Object com.zlq.Aspect.MyAspect.around(org.aspectj.lang.ProceedingJoinPoint) throws java.lang.Throwable
2020-12-21 16:16:19  [ main:582 ] - [ DEBUG ]  Found AspectJ method: public java.lang.Object com.zlq.Aspect.MyAspect.around1(org.aspectj.lang.ProceedingJoinPoint) throws java.lang.Throwable
2020-12-21 16:16:19  [ main:925 ] - [ DEBUG ]  Creating shared instance of singleton bean 'around'
2020-12-21 16:17:37  [ main:0 ] - [ DEBUG ]  Refreshing org.springframework.context.support.ClassPathXmlApplicationContext@134593bf
2020-12-21 16:17:38  [ main:247 ] - [ DEBUG ]  Loaded 3 bean definitions from class path resource [applicationContext1.xml]
2020-12-21 16:17:38  [ main:283 ] - [ DEBUG ]  Creating shared instance of singleton bean 'org.springframework.aop.config.internalAutoProxyCreator'
2020-12-21 16:17:38  [ main:382 ] - [ DEBUG ]  Creating shared instance of singleton bean 'userService'
2020-12-21 16:17:38  [ main:459 ] - [ DEBUG ]  Found AspectJ method: public java.lang.Object com.zlq.Aspect.MyAspect.around(org.aspectj.lang.ProceedingJoinPoint) throws java.lang.Throwable
2020-12-21 16:17:38  [ main:463 ] - [ DEBUG ]  Found AspectJ method: public java.lang.Object com.zlq.Aspect.MyAspect.around1(org.aspectj.lang.ProceedingJoinPoint) throws java.lang.Throwable
2020-12-21 16:17:38  [ main:850 ] - [ DEBUG ]  Creating shared instance of singleton bean 'around'
2020-12-21 16:19:39  [ main:0 ] - [ DEBUG ]  Refreshing org.springframework.context.support.ClassPathXmlApplicationContext@591f989e
2020-12-21 16:19:39  [ main:190 ] - [ DEBUG ]  Loaded 3 bean definitions from class path resource [applicationContext1.xml]
2020-12-21 16:19:39  [ main:219 ] - [ DEBUG ]  Creating shared instance of singleton bean 'org.springframework.aop.config.internalAutoProxyCreator'
2020-12-21 16:19:39  [ main:299 ] - [ DEBUG ]  Creating shared instance of singleton bean 'userService'
2020-12-21 16:19:39  [ main:347 ] - [ DEBUG ]  Found AspectJ method: public java.lang.Object com.zlq.Aspect.MyAspect.around(org.aspectj.lang.ProceedingJoinPoint) throws java.lang.Throwable
2020-12-21 16:19:39  [ main:349 ] - [ DEBUG ]  Found AspectJ method: public java.lang.Object com.zlq.Aspect.MyAspect.around1(org.aspectj.lang.ProceedingJoinPoint) throws java.lang.Throwable
2020-12-21 16:19:39  [ main:495 ] - [ DEBUG ]  Creating shared instance of singleton bean 'around'
